0 info it worked if it ends with ok
1 verbose cli [ '/Users/michaelkaaring/.nvm/versions/node/v4.6.2/bin/node',
1 verbose cli   '/Users/michaelkaaring/.nvm/versions/node/v4.6.2/bin/npm',
1 verbose cli   'run',
1 verbose cli   'dist' ]
2 info using npm@2.15.11
3 info using node@v4.6.2
4 verbose run-script [ 'predist', 'dist', 'postdist' ]
5 info predist Coupleappbackup@1.0.0
6 info dist Coupleappbackup@1.0.0
7 verbose unsafe-perm in lifecycle true
8 info Coupleappbackup@1.0.0 Failed to exec dist script
9 verbose stack Error: Coupleappbackup@1.0.0 dist: `electron-builder`
9 verbose stack Exit status 1
9 verbose stack     at EventEmitter.<anonymous> (/Users/michaelkaaring/.nvm/versions/node/v4.6.2/lib/node_modules/npm/lib/utils/lifecycle.js:217:16)
9 verbose stack     at emitTwo (events.js:87:13)
9 verbose stack     at EventEmitter.emit (events.js:172:7)
9 verbose stack     at ChildProcess.<anonymous> (/Users/michaelkaaring/.nvm/versions/node/v4.6.2/lib/node_modules/npm/lib/utils/spawn.js:24:14)
9 verbose stack     at emitTwo (events.js:87:13)
9 verbose stack     at ChildProcess.emit (events.js:172:7)
9 verbose stack     at maybeClose (internal/child_process.js:854:16)
9 verbose stack     at Process.ChildProcess._handle.onexit (internal/child_process.js:222:5)
10 verbose pkgid Coupleappbackup@1.0.0
11 verbose cwd /Users/michaelkaaring/Playground/Couple Backup
12 error Darwin 17.3.0
13 error argv "/Users/michaelkaaring/.nvm/versions/node/v4.6.2/bin/node" "/Users/michaelkaaring/.nvm/versions/node/v4.6.2/bin/npm" "run" "dist"
14 error node v4.6.2
15 error npm  v2.15.11
16 error code ELIFECYCLE
17 error Coupleappbackup@1.0.0 dist: `electron-builder`
17 error Exit status 1
18 error Failed at the Coupleappbackup@1.0.0 dist script 'electron-builder'.
18 error This is most likely a problem with the Coupleappbackup package,
18 error not with npm itself.
18 error Tell the author that this fails on your system:
18 error     electron-builder
18 error You can get information on how to open an issue for this project with:
18 error     npm bugs Coupleappbackup
18 error Or if that isn't available, you can get their info via:
18 error
18 error     npm owner ls Coupleappbackup
18 error There is likely additional logging output above.
19 verbose exit [ 1, true ]
